[03:25:33] [main/INFO]: Using mbed TLS based native cipher.
[03:25:33] [main/INFO]: Using zlib based native compressor.
[03:25:33] [main/INFO]: Enabled Waterfall version git:Waterfall-Bootstrap:1.19-R0.1-SNAPSHOT:f6069e2:513
[03:25:33] [main/INFO]: Not on Windows, attempting to use enhanced EpollEventLoop
[03:25:33] [main/INFO]: Epoll is working, utilising it!
[03:25:33] [main/INFO]: Discovered module: ModuleSpec(name=cmd_alert, file=modules/cmd_alert.jar, provider=JenkinsModuleSource())
[03:25:33] [main/INFO]: Discovered module: ModuleSpec(name=cmd_find, file=modules/cmd_find.jar, provider=JenkinsModuleSource())
[03:25:33] [main/INFO]: Discovered module: ModuleSpec(name=cmd_list, file=modules/cmd_list.jar, provider=JenkinsModuleSource())
[03:25:33] [main/INFO]: Discovered module: ModuleSpec(name=cmd_send, file=modules/cmd_send.jar, provider=JenkinsModuleSource())
[03:25:33] [main/INFO]: Discovered module: ModuleSpec(name=cmd_server, file=modules/cmd_server.jar, provider=JenkinsModuleSource())
[03:25:33] [main/INFO]: Discovered module: ModuleSpec(name=reconnect_yaml, file=modules/reconnect_yaml.jar, provider=JenkinsModuleSource())
[03:25:33] [main/INFO]: Loaded plugin reconnect_yaml version git:reconnect_yaml:1.19-R0.1-SNAPSHOT:f6069e2:513 by WaterfallMC
[03:25:33] [main/INFO]: Loaded plugin cmd_find version git:cmd_find:1.19-R0.1-SNAPSHOT:f6069e2:513 by WaterfallMC
[03:25:33] [main/INFO]: Loaded plugin cmd_server version git:cmd_server:1.19-R0.1-SNAPSHOT:f6069e2:513 by WaterfallMC
[03:25:33] [main/INFO]: Loaded plugin cmd_alert version git:cmd_alert:1.19-R0.1-SNAPSHOT:f6069e2:513 by WaterfallMC
[03:25:33] [main/INFO]: Loaded plugin cmd_send version git:cmd_send:1.19-R0.1-SNAPSHOT:f6069e2:513 by WaterfallMC
[03:25:33] [main/INFO]: Loaded plugin cmd_list version git:cmd_list:1.19-R0.1-SNAPSHOT:f6069e2:513 by WaterfallMC
[03:25:33] [main/WARN]: :>:>:>:>:>:>:>:>:>:>:>:>:>:>:>:>:>:>:>:>:>:>:>
[03:25:33] [main/WARN]: :>  
[03:25:33] [main/WARN]: :>      EAGLERCRAFTXBUNGEE WARNING:
[03:25:33] [main/WARN]: :>  
[03:25:33] [main/WARN]: :>  This plugin wasn't tested to be 'working'
[03:25:33] [main/WARN]: :>  with ANY version of BungeeCord (and forks)
[03:25:33] [main/WARN]: :>  apart from the versions listed below:
[03:25:33] [main/WARN]: :>  
[03:25:33] [main/WARN]: :>  - BungeeCord: 1.20-R0.3-SNAPSHOT:eda268b:1797
[03:25:33] [main/WARN]: :>  - Waterfall: 1.20-R0.2-SNAPSHOT:92b5149:562
[03:25:33] [main/WARN]: :>  - FlameCord: 1.1.1
[03:25:33] [main/WARN]: :>  
[03:25:33] [main/WARN]: :>  This is not a Bukkit/Spigot plugin!
[03:25:33] [main/WARN]: :>  
[03:25:33] [main/WARN]: :>  Use "-Deaglerxbungee.stfu=true" to hide
[03:25:33] [main/WARN]: :>  
[03:25:33] [main/WARN]: :>:>:>:>:>:>:>:>:>:>:>:>:>:>:>:>:>:>:>:>:>:>:>
[03:25:34] [main/INFO] [EaglercraftXBungee]: Loading vanilla profile: lax1dude
[03:25:35] [Skin Download Thread #1/INFO] [EaglercraftXBungee]: Loaded vanilla profile: lax1dude
[03:25:35] [main/INFO]: Loaded plugin EaglercraftXBungee version 1.0.10 by lax1dude
[03:25:35] [main/WARN]: Forced host server pvp is not defined
[03:25:35] [main/INFO]: Enabled plugin reconnect_yaml version git:reconnect_yaml:1.19-R0.1-SNAPSHOT:f6069e2:513 by WaterfallMC
[03:25:35] [main/INFO]: Enabled plugin cmd_find version git:cmd_find:1.19-R0.1-SNAPSHOT:f6069e2:513 by WaterfallMC
[03:25:35] [main/INFO]: Enabled plugin cmd_server version git:cmd_server:1.19-R0.1-SNAPSHOT:f6069e2:513 by WaterfallMC
[03:25:35] [main/INFO]: Enabled plugin cmd_alert version git:cmd_alert:1.19-R0.1-SNAPSHOT:f6069e2:513 by WaterfallMC
[03:25:35] [main/INFO]: Enabled plugin cmd_send version git:cmd_send:1.19-R0.1-SNAPSHOT:f6069e2:513 by WaterfallMC
[03:25:35] [main/INFO]: Enabled plugin cmd_list version git:cmd_list:1.19-R0.1-SNAPSHOT:f6069e2:513 by WaterfallMC
[03:25:35] [main/ERROR] [EaglercraftXBungee]: Online mode is set to false! Authentication system has been disabled
[03:25:35] [Netty Worker IO Thread #0/INFO] [EaglercraftXBungee]: Eaglercraft is listening on: /0.0.0.0:8081
[03:25:36] [main/INFO] [EaglercraftXBungee]: Connected to database: jdbc:sqlite:eaglercraft_skins_cache.db
[03:25:36] [main/INFO]: Enabled plugin EaglercraftXBungee version 1.0.10 by lax1dude
[03:25:36] [Netty Boss IO Thread #0/INFO]: Listening on /127.0.0.1:25577
[03:25:36] [EaglerXBungee: Network Tick Tasks/INFO] [EaglercraftXBungee]: Loaded certificate: /workspaces/server-test/bungee/plugins/EaglercraftXBungee/eagcert/$dl.2c63d6a9be9d273db57d50cb026093cb97ea6e54.cert
